<?xml version="1.0" encoding="UTF-8"?>
<testsuite xmlns:xsi="http://www.w3.org/2001/XMLSchema-instance" xsi:noNamespaceSchemaLocation="https://maven.apache.org/surefire/maven-surefire-plugin/xsd/surefire-test-report-3.0.xsd" version="3.0" name="TestSuite" time="71.144" tests="8" errors="0" skipped="2" failures="1">
  <properties>
    <property name="sun.desktop" value="gnome"/>
    <property name="awt.toolkit" value="sun.awt.X11.XToolkit"/>
    <property name="java.specification.version" value="11"/>
    <property name="webdriver.chrome.driver" value="/home/rocky/.cache/selenium/chromedriver/linux64/114.0.5735.90/chromedriver"/>
    <property name="sun.cpu.isalist" value=""/>
    <property name="sun.jnu.encoding" value="UTF-8"/>
    <property name="java.class.path" value="/media/rocky/81e509c3-f680-4aca-ae97-4b9ba8161528/Workspace-SeleniumKarate/clover.solution.ui/target/test-classes:/media/rocky/81e509c3-f680-4aca-ae97-4b9ba8161528/Workspace-SeleniumKarate/clover.solution.ui/target/classes:/home/rocky/.m2/repository/org/seleniumhq/selenium/selenium-java/4.8.0/selenium-java-4.8.0.jar:/home/rocky/.m2/repository/org/seleniumhq/selenium/selenium-api/4.8.0/selenium-api-4.8.0.jar:/home/rocky/.m2/repository/org/seleniumhq/selenium/selenium-chrome-driver/4.8.0/selenium-chrome-driver-4.8.0.jar:/home/rocky/.m2/repository/com/google/auto/service/auto-service-annotations/1.0.1/auto-service-annotations-1.0.1.jar:/home/rocky/.m2/repository/com/google/auto/service/auto-service/1.0.1/auto-service-1.0.1.jar:/home/rocky/.m2/repository/com/google/auto/auto-common/1.2/auto-common-1.2.jar:/home/rocky/.m2/repository/com/google/guava/guava/31.1-jre/guava-31.1-jre.jar:/home/rocky/.m2/repository/com/google/guava/failureaccess/1.0.1/failureaccess-1.0.1.jar:/home/rocky/.m2/repository/com/google/guava/listenablefuture/9999.0-empty-to-avoid-conflict-with-guava/listenablefuture-9999.0-empty-to-avoid-conflict-with-guava.jar:/home/rocky/.m2/repository/com/google/code/findbugs/jsr305/3.0.2/jsr305-3.0.2.jar:/home/rocky/.m2/repository/org/checkerframework/checker-qual/3.12.0/checker-qual-3.12.0.jar:/home/rocky/.m2/repository/com/google/errorprone/error_prone_annotations/2.11.0/error_prone_annotations-2.11.0.jar:/home/rocky/.m2/repository/com/google/j2objc/j2objc-annotations/1.3/j2objc-annotations-1.3.jar:/home/rocky/.m2/repository/org/seleniumhq/selenium/selenium-chromium-driver/4.8.0/selenium-chromium-driver-4.8.0.jar:/home/rocky/.m2/repository/org/seleniumhq/selenium/selenium-json/4.8.0/selenium-json-4.8.0.jar:/home/rocky/.m2/repository/org/seleniumhq/selenium/selenium-devtools-v107/4.8.0/selenium-devtools-v107-4.8.0.jar:/home/rocky/.m2/repository/org/seleniumhq/selenium/selenium-devtools-v108/4.8.0/selenium-devtools-v108-4.8.0.jar:/home/rocky/.m2/repository/org/seleniumhq/selenium/selenium-devtools-v109/4.8.0/selenium-devtools-v109-4.8.0.jar:/home/rocky/.m2/repository/org/seleniumhq/selenium/selenium-devtools-v85/4.8.0/selenium-devtools-v85-4.8.0.jar:/home/rocky/.m2/repository/org/seleniumhq/selenium/selenium-edge-driver/4.8.0/selenium-edge-driver-4.8.0.jar:/home/rocky/.m2/repository/org/seleniumhq/selenium/selenium-firefox-driver/4.8.0/selenium-firefox-driver-4.8.0.jar:/home/rocky/.m2/repository/org/seleniumhq/selenium/selenium-http/4.8.0/selenium-http-4.8.0.jar:/home/rocky/.m2/repository/dev/failsafe/failsafe/3.3.0/failsafe-3.3.0.jar:/home/rocky/.m2/repository/org/seleniumhq/selenium/selenium-ie-driver/4.8.0/selenium-ie-driver-4.8.0.jar:/home/rocky/.m2/repository/org/seleniumhq/selenium/selenium-remote-driver/4.8.0/selenium-remote-driver-4.8.0.jar:/home/rocky/.m2/repository/io/netty/netty-buffer/4.1.87.Final/netty-buffer-4.1.87.Final.jar:/home/rocky/.m2/repository/io/netty/netty-codec-http/4.1.87.Final/netty-codec-http-4.1.87.Final.jar:/home/rocky/.m2/repository/io/netty/netty-codec/4.1.87.Final/netty-codec-4.1.87.Final.jar:/home/rocky/.m2/repository/io/netty/netty-handler/4.1.87.Final/netty-handler-4.1.87.Final.jar:/home/rocky/.m2/repository/io/netty/netty-common/4.1.87.Final/netty-common-4.1.87.Final.jar:/home/rocky/.m2/repository/io/netty/netty-transport-classes-epoll/4.1.87.Final/netty-transport-classes-epoll-4.1.87.Final.jar:/home/rocky/.m2/repository/io/netty/netty-transport-classes-kqueue/4.1.87.Final/netty-transport-classes-kqueue-4.1.87.Final.jar:/home/rocky/.m2/repository/io/netty/netty-transport-native-epoll/4.1.87.Final/netty-transport-native-epoll-4.1.87.Final.jar:/home/rocky/.m2/repository/io/netty/netty-transport-native-kqueue/4.1.87.Final/netty-transport-native-kqueue-4.1.87.Final.jar:/home/rocky/.m2/repository/io/netty/netty-transport-native-unix-common/4.1.87.Final/netty-transport-native-unix-common-4.1.87.Final.jar:/home/rocky/.m2/repository/io/netty/netty-transport/4.1.87.Final/netty-transport-4.1.87.Final.jar:/home/rocky/.m2/repository/io/netty/netty-resolver/4.1.87.Final/netty-resolver-4.1.87.Final.jar:/home/rocky/.m2/repository/io/opentelemetry/opentelemetry-api/1.22.0/opentelemetry-api-1.22.0.jar:/home/rocky/.m2/repository/io/opentelemetry/opentelemetry-context/1.22.0/opentelemetry-context-1.22.0.jar:/home/rocky/.m2/repository/io/opentelemetry/opentelemetry-exporter-logging/1.22.0/opentelemetry-exporter-logging-1.22.0.jar:/home/rocky/.m2/repository/io/opentelemetry/opentelemetry-sdk-metrics/1.22.0/opentelemetry-sdk-metrics-1.22.0.jar:/home/rocky/.m2/repository/io/opentelemetry/opentelemetry-sdk-logs/1.22.0-alpha/opentelemetry-sdk-logs-1.22.0-alpha.jar:/home/rocky/.m2/repository/io/opentelemetry/opentelemetry-api-logs/1.22.0-alpha/opentelemetry-api-logs-1.22.0-alpha.jar:/home/rocky/.m2/repository/io/opentelemetry/opentelemetry-sdk-common/1.22.0/opentelemetry-sdk-common-1.22.0.jar:/home/rocky/.m2/repository/io/opentelemetry/opentelemetry-sdk-extension-autoconfigure-spi/1.22.0/opentelemetry-sdk-extension-autoconfigure-spi-1.22.0.jar:/home/rocky/.m2/repository/io/opentelemetry/opentelemetry-sdk-extension-autoconfigure/1.22.0-alpha/opentelemetry-sdk-extension-autoconfigure-1.22.0-alpha.jar:/home/rocky/.m2/repository/io/opentelemetry/opentelemetry-sdk-trace/1.22.0/opentelemetry-sdk-trace-1.22.0.jar:/home/rocky/.m2/repository/io/opentelemetry/opentelemetry-sdk/1.22.0/opentelemetry-sdk-1.22.0.jar:/home/rocky/.m2/repository/io/opentelemetry/opentelemetry-semconv/1.22.0-alpha/opentelemetry-semconv-1.22.0-alpha.jar:/home/rocky/.m2/repository/io/ous/jtoml/2.0.0/jtoml-2.0.0.jar:/home/rocky/.m2/repository/net/bytebuddy/byte-buddy/1.12.22/byte-buddy-1.12.22.jar:/home/rocky/.m2/repository/org/apache/commons/commons-exec/1.3/commons-exec-1.3.jar:/home/rocky/.m2/repository/org/asynchttpclient/async-http-client/2.12.3/async-http-client-2.12.3.jar:/home/rocky/.m2/repository/org/asynchttpclient/async-http-client-netty-utils/2.12.3/async-http-client-netty-utils-2.12.3.jar:/home/rocky/.m2/repository/io/netty/netty-codec-socks/4.1.60.Final/netty-codec-socks-4.1.60.Final.jar:/home/rocky/.m2/repository/io/netty/netty-handler-proxy/4.1.60.Final/netty-handler-proxy-4.1.60.Final.jar:/home/rocky/.m2/repository/io/netty/netty-transport-native-epoll/4.1.60.Final/netty-transport-native-epoll-4.1.60.Final-linux-x86_64.jar:/home/rocky/.m2/repository/io/netty/netty-transport-native-kqueue/4.1.60.Final/netty-transport-native-kqueue-4.1.60.Final-osx-x86_64.jar:/home/rocky/.m2/repository/com/typesafe/netty/netty-reactive-streams/2.0.4/netty-reactive-streams-2.0.4.jar:/home/rocky/.m2/repository/com/sun/activation/jakarta.activation/1.2.2/jakarta.activation-1.2.2.jar:/home/rocky/.m2/repository/org/seleniumhq/selenium/selenium-manager/4.8.0/selenium-manager-4.8.0.jar:/home/rocky/.m2/repository/org/seleniumhq/selenium/selenium-safari-driver/4.8.0/selenium-safari-driver-4.8.0.jar:/home/rocky/.m2/repository/org/seleniumhq/selenium/selenium-support/4.8.0/selenium-support-4.8.0.jar:/home/rocky/.m2/repository/org/testng/testng/7.7.1/testng-7.7.1.jar:/home/rocky/.m2/repository/org/slf4j/slf4j-api/1.7.36/slf4j-api-1.7.36.jar:/home/rocky/.m2/repository/com/beust/jcommander/1.82/jcommander-1.82.jar:/home/rocky/.m2/repository/org/webjars/jquery/3.6.1/jquery-3.6.1.jar:/home/rocky/.m2/repository/com/aventstack/extentreports/5.0.8/extentreports-5.0.8.jar:/home/rocky/.m2/repository/io/reactivex/rxjava3/rxjava/3.0.4/rxjava-3.0.4.jar:/home/rocky/.m2/repository/org/reactivestreams/reactive-streams/1.0.3/reactive-streams-1.0.3.jar:/home/rocky/.m2/repository/org/freemarker/freemarker/2.3.30/freemarker-2.3.30.jar:/home/rocky/.m2/repository/com/google/code/gson/gson/2.3.1/gson-2.3.1.jar:/home/rocky/.m2/repository/log4j/log4j/1.2.17/log4j-1.2.17.jar:/home/rocky/.m2/repository/org/projectlombok/lombok/1.18.26/lombok-1.18.26.jar:/home/rocky/.m2/repository/junit/junit/4.11/junit-4.11.jar:/home/rocky/.m2/repository/org/hamcrest/hamcrest-core/1.3/hamcrest-core-1.3.jar:/home/rocky/.m2/repository/io/github/bonigarcia/webdrivermanager/5.4.1/webdrivermanager-5.4.1.jar:/home/rocky/.m2/repository/com/github/docker-java/docker-java/3.3.2/docker-java-3.3.2.jar:/home/rocky/.m2/repository/com/github/docker-java/docker-java-core/3.3.2/docker-java-core-3.3.2.jar:/home/rocky/.m2/repository/com/github/docker-java/docker-java-api/3.3.2/docker-java-api-3.3.2.jar:/home/rocky/.m2/repository/com/fasterxml/jackson/core/jackson-annotations/2.10.3/jackson-annotations-2.10.3.jar:/home/rocky/.m2/repository/org/apache/commons/commons-compress/1.21/commons-compress-1.21.jar:/home/rocky/.m2/repository/com/fasterxml/jackson/core/jackson-databind/2.10.3/jackson-databind-2.10.3.jar:/home/rocky/.m2/repository/com/fasterxml/jackson/core/jackson-core/2.10.3/jackson-core-2.10.3.jar:/home/rocky/.m2/repository/org/bouncycastle/bcpkix-jdk15on/1.64/bcpkix-jdk15on-1.64.jar:/home/rocky/.m2/repository/org/bouncycastle/bcprov-jdk15on/1.64/bcprov-jdk15on-1.64.jar:/home/rocky/.m2/repository/org/slf4j/jcl-over-slf4j/1.7.30/jcl-over-slf4j-1.7.30.jar:/home/rocky/.m2/repository/com/github/docker-java/docker-java-transport-httpclient5/3.3.2/docker-java-transport-httpclient5-3.3.2.jar:/home/rocky/.m2/repository/com/github/docker-java/docker-java-transport/3.3.2/docker-java-transport-3.3.2.jar:/home/rocky/.m2/repository/net/java/dev/jna/jna/5.12.1/jna-5.12.1.jar:/home/rocky/.m2/repository/org/brotli/dec/0.1.2/dec-0.1.2.jar:/home/rocky/.m2/repository/org/apache/commons/commons-lang3/3.12.0/commons-lang3-3.12.0.jar:/home/rocky/.m2/repository/org/apache/httpcomponents/client5/httpclient5/5.2.1/httpclient5-5.2.1.jar:/home/rocky/.m2/repository/org/apache/httpcomponents/core5/httpcore5/5.2/httpcore5-5.2.jar:/home/rocky/.m2/repository/org/apache/httpcomponents/core5/httpcore5-h2/5.2/httpcore5-h2-5.2.jar:/home/rocky/.m2/repository/com/googlecode/json-simple/json-simple/1.1/json-simple-1.1.jar:/home/rocky/.m2/repository/org/apache/poi/poi/5.1.0/poi-5.1.0.jar:/home/rocky/.m2/repository/commons-codec/commons-codec/1.15/commons-codec-1.15.jar:/home/rocky/.m2/repository/org/apache/commons/commons-collections4/4.4/commons-collections4-4.4.jar:/home/rocky/.m2/repository/org/apache/commons/commons-math3/3.6.1/commons-math3-3.6.1.jar:/home/rocky/.m2/repository/commons-io/commons-io/2.11.0/commons-io-2.11.0.jar:/home/rocky/.m2/repository/com/zaxxer/SparseBitSet/1.2/SparseBitSet-1.2.jar:/home/rocky/.m2/repository/org/apache/logging/log4j/log4j-api/2.14.1/log4j-api-2.14.1.jar:"/>
    <property name="java.vm.vendor" value="Ubuntu"/>
    <property name="sun.arch.data.model" value="64"/>
    <property name="java.vendor.url" value="https://ubuntu.com/"/>
    <property name="user.timezone" value="America/New_York"/>
    <property name="java.vm.specification.version" value="11"/>
    <property name="os.name" value="Linux"/>
    <property name="sun.java.launcher" value="SUN_STANDARD"/>
    <property name="user.country" value="IN"/>
    <property name="sun.boot.library.path" value="/usr/lib/jvm/java-11-openjdk-amd64/lib"/>
    <property name="sun.java.command" value="/media/rocky/81e509c3-f680-4aca-ae97-4b9ba8161528/Workspace-SeleniumKarate/clover.solution.ui/target/surefire/surefirebooter-20231031000246219_3.jar /media/rocky/81e509c3-f680-4aca-ae97-4b9ba8161528/Workspace-SeleniumKarate/clover.solution.ui/target/surefire 2023-10-31T00-02-45_971-jvmRun1 surefire-20231031000246219_1tmp surefire_0-20231031000246219_2tmp"/>
    <property name="jdk.debug" value="release"/>
    <property name="surefire.test.class.path" value="/media/rocky/81e509c3-f680-4aca-ae97-4b9ba8161528/Workspace-SeleniumKarate/clover.solution.ui/target/test-classes:/media/rocky/81e509c3-f680-4aca-ae97-4b9ba8161528/Workspace-SeleniumKarate/clover.solution.ui/target/classes:/home/rocky/.m2/repository/org/seleniumhq/selenium/selenium-java/4.8.0/selenium-java-4.8.0.jar:/home/rocky/.m2/repository/org/seleniumhq/selenium/selenium-api/4.8.0/selenium-api-4.8.0.jar:/home/rocky/.m2/repository/org/seleniumhq/selenium/selenium-chrome-driver/4.8.0/selenium-chrome-driver-4.8.0.jar:/home/rocky/.m2/repository/com/google/auto/service/auto-service-annotations/1.0.1/auto-service-annotations-1.0.1.jar:/home/rocky/.m2/repository/com/google/auto/service/auto-service/1.0.1/auto-service-1.0.1.jar:/home/rocky/.m2/repository/com/google/auto/auto-common/1.2/auto-common-1.2.jar:/home/rocky/.m2/repository/com/google/guava/guava/31.1-jre/guava-31.1-jre.jar:/home/rocky/.m2/repository/com/google/guava/failureaccess/1.0.1/failureaccess-1.0.1.jar:/home/rocky/.m2/repository/com/google/guava/listenablefuture/9999.0-empty-to-avoid-conflict-with-guava/listenablefuture-9999.0-empty-to-avoid-conflict-with-guava.jar:/home/rocky/.m2/repository/com/google/code/findbugs/jsr305/3.0.2/jsr305-3.0.2.jar:/home/rocky/.m2/repository/org/checkerframework/checker-qual/3.12.0/checker-qual-3.12.0.jar:/home/rocky/.m2/repository/com/google/errorprone/error_prone_annotations/2.11.0/error_prone_annotations-2.11.0.jar:/home/rocky/.m2/repository/com/google/j2objc/j2objc-annotations/1.3/j2objc-annotations-1.3.jar:/home/rocky/.m2/repository/org/seleniumhq/selenium/selenium-chromium-driver/4.8.0/selenium-chromium-driver-4.8.0.jar:/home/rocky/.m2/repository/org/seleniumhq/selenium/selenium-json/4.8.0/selenium-json-4.8.0.jar:/home/rocky/.m2/repository/org/seleniumhq/selenium/selenium-devtools-v107/4.8.0/selenium-devtools-v107-4.8.0.jar:/home/rocky/.m2/repository/org/seleniumhq/selenium/selenium-devtools-v108/4.8.0/selenium-devtools-v108-4.8.0.jar:/home/rocky/.m2/repository/org/seleniumhq/selenium/selenium-devtools-v109/4.8.0/selenium-devtools-v109-4.8.0.jar:/home/rocky/.m2/repository/org/seleniumhq/selenium/selenium-devtools-v85/4.8.0/selenium-devtools-v85-4.8.0.jar:/home/rocky/.m2/repository/org/seleniumhq/selenium/selenium-edge-driver/4.8.0/selenium-edge-driver-4.8.0.jar:/home/rocky/.m2/repository/org/seleniumhq/selenium/selenium-firefox-driver/4.8.0/selenium-firefox-driver-4.8.0.jar:/home/rocky/.m2/repository/org/seleniumhq/selenium/selenium-http/4.8.0/selenium-http-4.8.0.jar:/home/rocky/.m2/repository/dev/failsafe/failsafe/3.3.0/failsafe-3.3.0.jar:/home/rocky/.m2/repository/org/seleniumhq/selenium/selenium-ie-driver/4.8.0/selenium-ie-driver-4.8.0.jar:/home/rocky/.m2/repository/org/seleniumhq/selenium/selenium-remote-driver/4.8.0/selenium-remote-driver-4.8.0.jar:/home/rocky/.m2/repository/io/netty/netty-buffer/4.1.87.Final/netty-buffer-4.1.87.Final.jar:/home/rocky/.m2/repository/io/netty/netty-codec-http/4.1.87.Final/netty-codec-http-4.1.87.Final.jar:/home/rocky/.m2/repository/io/netty/netty-codec/4.1.87.Final/netty-codec-4.1.87.Final.jar:/home/rocky/.m2/repository/io/netty/netty-handler/4.1.87.Final/netty-handler-4.1.87.Final.jar:/home/rocky/.m2/repository/io/netty/netty-common/4.1.87.Final/netty-common-4.1.87.Final.jar:/home/rocky/.m2/repository/io/netty/netty-transport-classes-epoll/4.1.87.Final/netty-transport-classes-epoll-4.1.87.Final.jar:/home/rocky/.m2/repository/io/netty/netty-transport-classes-kqueue/4.1.87.Final/netty-transport-classes-kqueue-4.1.87.Final.jar:/home/rocky/.m2/repository/io/netty/netty-transport-native-epoll/4.1.87.Final/netty-transport-native-epoll-4.1.87.Final.jar:/home/rocky/.m2/repository/io/netty/netty-transport-native-kqueue/4.1.87.Final/netty-transport-native-kqueue-4.1.87.Final.jar:/home/rocky/.m2/repository/io/netty/netty-transport-native-unix-common/4.1.87.Final/netty-transport-native-unix-common-4.1.87.Final.jar:/home/rocky/.m2/repository/io/netty/netty-transport/4.1.87.Final/netty-transport-4.1.87.Final.jar:/home/rocky/.m2/repository/io/netty/netty-resolver/4.1.87.Final/netty-resolver-4.1.87.Final.jar:/home/rocky/.m2/repository/io/opentelemetry/opentelemetry-api/1.22.0/opentelemetry-api-1.22.0.jar:/home/rocky/.m2/repository/io/opentelemetry/opentelemetry-context/1.22.0/opentelemetry-context-1.22.0.jar:/home/rocky/.m2/repository/io/opentelemetry/opentelemetry-exporter-logging/1.22.0/opentelemetry-exporter-logging-1.22.0.jar:/home/rocky/.m2/repository/io/opentelemetry/opentelemetry-sdk-metrics/1.22.0/opentelemetry-sdk-metrics-1.22.0.jar:/home/rocky/.m2/repository/io/opentelemetry/opentelemetry-sdk-logs/1.22.0-alpha/opentelemetry-sdk-logs-1.22.0-alpha.jar:/home/rocky/.m2/repository/io/opentelemetry/opentelemetry-api-logs/1.22.0-alpha/opentelemetry-api-logs-1.22.0-alpha.jar:/home/rocky/.m2/repository/io/opentelemetry/opentelemetry-sdk-common/1.22.0/opentelemetry-sdk-common-1.22.0.jar:/home/rocky/.m2/repository/io/opentelemetry/opentelemetry-sdk-extension-autoconfigure-spi/1.22.0/opentelemetry-sdk-extension-autoconfigure-spi-1.22.0.jar:/home/rocky/.m2/repository/io/opentelemetry/opentelemetry-sdk-extension-autoconfigure/1.22.0-alpha/opentelemetry-sdk-extension-autoconfigure-1.22.0-alpha.jar:/home/rocky/.m2/repository/io/opentelemetry/opentelemetry-sdk-trace/1.22.0/opentelemetry-sdk-trace-1.22.0.jar:/home/rocky/.m2/repository/io/opentelemetry/opentelemetry-sdk/1.22.0/opentelemetry-sdk-1.22.0.jar:/home/rocky/.m2/repository/io/opentelemetry/opentelemetry-semconv/1.22.0-alpha/opentelemetry-semconv-1.22.0-alpha.jar:/home/rocky/.m2/repository/io/ous/jtoml/2.0.0/jtoml-2.0.0.jar:/home/rocky/.m2/repository/net/bytebuddy/byte-buddy/1.12.22/byte-buddy-1.12.22.jar:/home/rocky/.m2/repository/org/apache/commons/commons-exec/1.3/commons-exec-1.3.jar:/home/rocky/.m2/repository/org/asynchttpclient/async-http-client/2.12.3/async-http-client-2.12.3.jar:/home/rocky/.m2/repository/org/asynchttpclient/async-http-client-netty-utils/2.12.3/async-http-client-netty-utils-2.12.3.jar:/home/rocky/.m2/repository/io/netty/netty-codec-socks/4.1.60.Final/netty-codec-socks-4.1.60.Final.jar:/home/rocky/.m2/repository/io/netty/netty-handler-proxy/4.1.60.Final/netty-handler-proxy-4.1.60.Final.jar:/home/rocky/.m2/repository/io/netty/netty-transport-native-epoll/4.1.60.Final/netty-transport-native-epoll-4.1.60.Final-linux-x86_64.jar:/home/rocky/.m2/repository/io/netty/netty-transport-native-kqueue/4.1.60.Final/netty-transport-native-kqueue-4.1.60.Final-osx-x86_64.jar:/home/rocky/.m2/repository/com/typesafe/netty/netty-reactive-streams/2.0.4/netty-reactive-streams-2.0.4.jar:/home/rocky/.m2/repository/com/sun/activation/jakarta.activation/1.2.2/jakarta.activation-1.2.2.jar:/home/rocky/.m2/repository/org/seleniumhq/selenium/selenium-manager/4.8.0/selenium-manager-4.8.0.jar:/home/rocky/.m2/repository/org/seleniumhq/selenium/selenium-safari-driver/4.8.0/selenium-safari-driver-4.8.0.jar:/home/rocky/.m2/repository/org/seleniumhq/selenium/selenium-support/4.8.0/selenium-support-4.8.0.jar:/home/rocky/.m2/repository/org/testng/testng/7.7.1/testng-7.7.1.jar:/home/rocky/.m2/repository/org/slf4j/slf4j-api/1.7.36/slf4j-api-1.7.36.jar:/home/rocky/.m2/repository/com/beust/jcommander/1.82/jcommander-1.82.jar:/home/rocky/.m2/repository/org/webjars/jquery/3.6.1/jquery-3.6.1.jar:/home/rocky/.m2/repository/com/aventstack/extentreports/5.0.8/extentreports-5.0.8.jar:/home/rocky/.m2/repository/io/reactivex/rxjava3/rxjava/3.0.4/rxjava-3.0.4.jar:/home/rocky/.m2/repository/org/reactivestreams/reactive-streams/1.0.3/reactive-streams-1.0.3.jar:/home/rocky/.m2/repository/org/freemarker/freemarker/2.3.30/freemarker-2.3.30.jar:/home/rocky/.m2/repository/com/google/code/gson/gson/2.3.1/gson-2.3.1.jar:/home/rocky/.m2/repository/log4j/log4j/1.2.17/log4j-1.2.17.jar:/home/rocky/.m2/repository/org/projectlombok/lombok/1.18.26/lombok-1.18.26.jar:/home/rocky/.m2/repository/junit/junit/4.11/junit-4.11.jar:/home/rocky/.m2/repository/org/hamcrest/hamcrest-core/1.3/hamcrest-core-1.3.jar:/home/rocky/.m2/repository/io/github/bonigarcia/webdrivermanager/5.4.1/webdrivermanager-5.4.1.jar:/home/rocky/.m2/repository/com/github/docker-java/docker-java/3.3.2/docker-java-3.3.2.jar:/home/rocky/.m2/repository/com/github/docker-java/docker-java-core/3.3.2/docker-java-core-3.3.2.jar:/home/rocky/.m2/repository/com/github/docker-java/docker-java-api/3.3.2/docker-java-api-3.3.2.jar:/home/rocky/.m2/repository/com/fasterxml/jackson/core/jackson-annotations/2.10.3/jackson-annotations-2.10.3.jar:/home/rocky/.m2/repository/org/apache/commons/commons-compress/1.21/commons-compress-1.21.jar:/home/rocky/.m2/repository/com/fasterxml/jackson/core/jackson-databind/2.10.3/jackson-databind-2.10.3.jar:/home/rocky/.m2/repository/com/fasterxml/jackson/core/jackson-core/2.10.3/jackson-core-2.10.3.jar:/home/rocky/.m2/repository/org/bouncycastle/bcpkix-jdk15on/1.64/bcpkix-jdk15on-1.64.jar:/home/rocky/.m2/repository/org/bouncycastle/bcprov-jdk15on/1.64/bcprov-jdk15on-1.64.jar:/home/rocky/.m2/repository/org/slf4j/jcl-over-slf4j/1.7.30/jcl-over-slf4j-1.7.30.jar:/home/rocky/.m2/repository/com/github/docker-java/docker-java-transport-httpclient5/3.3.2/docker-java-transport-httpclient5-3.3.2.jar:/home/rocky/.m2/repository/com/github/docker-java/docker-java-transport/3.3.2/docker-java-transport-3.3.2.jar:/home/rocky/.m2/repository/net/java/dev/jna/jna/5.12.1/jna-5.12.1.jar:/home/rocky/.m2/repository/org/brotli/dec/0.1.2/dec-0.1.2.jar:/home/rocky/.m2/repository/org/apache/commons/commons-lang3/3.12.0/commons-lang3-3.12.0.jar:/home/rocky/.m2/repository/org/apache/httpcomponents/client5/httpclient5/5.2.1/httpclient5-5.2.1.jar:/home/rocky/.m2/repository/org/apache/httpcomponents/core5/httpcore5/5.2/httpcore5-5.2.jar:/home/rocky/.m2/repository/org/apache/httpcomponents/core5/httpcore5-h2/5.2/httpcore5-h2-5.2.jar:/home/rocky/.m2/repository/com/googlecode/json-simple/json-simple/1.1/json-simple-1.1.jar:/home/rocky/.m2/repository/org/apache/poi/poi/5.1.0/poi-5.1.0.jar:/home/rocky/.m2/repository/commons-codec/commons-codec/1.15/commons-codec-1.15.jar:/home/rocky/.m2/repository/org/apache/commons/commons-collections4/4.4/commons-collections4-4.4.jar:/home/rocky/.m2/repository/org/apache/commons/commons-math3/3.6.1/commons-math3-3.6.1.jar:/home/rocky/.m2/repository/commons-io/commons-io/2.11.0/commons-io-2.11.0.jar:/home/rocky/.m2/repository/com/zaxxer/SparseBitSet/1.2/SparseBitSet-1.2.jar:/home/rocky/.m2/repository/org/apache/logging/log4j/log4j-api/2.14.1/log4j-api-2.14.1.jar:"/>
    <property name="sun.cpu.endian" value="little"/>
    <property name="user.home" value="/home/rocky"/>
    <property name="user.language" value="en"/>
    <property name="java.specification.vendor" value="Oracle Corporation"/>
    <property name="java.version.date" value="2023-08-24"/>
    <property name="java.home" value="/usr/lib/jvm/java-11-openjdk-amd64"/>
    <property name="file.separator" value="/"/>
    <property name="style.color" value="always"/>
    <property name="basedir" value="/media/rocky/81e509c3-f680-4aca-ae97-4b9ba8161528/Workspace-SeleniumKarate/clover.solution.ui"/>
    <property name="java.vm.compressedOopsMode" value="Zero based"/>
    <property name="line.separator" value="&#10;"/>
    <property name="java.specification.name" value="Java Platform API Specification"/>
    <property name="java.vm.specification.vendor" value="Oracle Corporation"/>
    <property name="java.awt.graphicsenv" value="sun.awt.X11GraphicsEnvironment"/>
    <property name="surefire.real.class.path" value="/media/rocky/81e509c3-f680-4aca-ae97-4b9ba8161528/Workspace-SeleniumKarate/clover.solution.ui/target/surefire/surefirebooter-20231031000246219_3.jar"/>
    <property name="sun.management.compiler" value="HotSpot 64-Bit Tiered Compilers"/>
    <property name="java.runtime.version" value="11.0.20.1+1-post-Ubuntu-0ubuntu120.04"/>
    <property name="user.name" value="rocky"/>
    <property name="path.separator" value=":"/>
    <property name="os.version" value="5.15.0-87-generic"/>
    <property name="java.runtime.name" value="OpenJDK Runtime Environment"/>
    <property name="file.encoding" value="UTF-8"/>
    <property name="java.vm.name" value="OpenJDK 64-Bit Server VM"/>
    <property name="localRepository" value="/home/rocky/.m2/repository"/>
    <property name="java.vendor.url.bug" value="https://bugs.launchpad.net/ubuntu/+source/openjdk-lts"/>
    <property name="java.io.tmpdir" value="/tmp"/>
    <property name="java.version" value="11.0.20.1"/>
    <property name="user.dir" value="/media/rocky/81e509c3-f680-4aca-ae97-4b9ba8161528/Workspace-SeleniumKarate/clover.solution.ui"/>
    <property name="os.arch" value="amd64"/>
    <property name="java.vm.specification.name" value="Java Virtual Machine Specification"/>
    <property name="java.awt.printerjob" value="sun.print.PSPrinterJob"/>
    <property name="sun.os.patch.level" value="unknown"/>
    <property name="java.library.path" value="/usr/java/packages/lib:/usr/lib/x86_64-linux-gnu/jni:/lib/x86_64-linux-gnu:/usr/lib/x86_64-linux-gnu:/usr/lib/jni:/lib:/usr/lib"/>
    <property name="java.vm.info" value="mixed mode, sharing"/>
    <property name="java.vendor" value="Ubuntu"/>
    <property name="java.vm.version" value="11.0.20.1+1-post-Ubuntu-0ubuntu120.04"/>
    <property name="java.specification.maintenance.version" value="2"/>
    <property name="sun.io.unicode.encoding" value="UnicodeLittle"/>
    <property name="java.class.version" value="55.0"/>
  </properties>
  <testcase name="TC001_check_the_search_engine_google_JSON[public void com.clover.solution.ui.test.TC001_check_the_search_engine_google_JSON.TC001_check_the_search_engine_google_JSON(java.lang.reflect.Method)](1)" classname="com.clover.solution.ui.test.TC001_check_the_search_engine_google_JSON" time="4.009">
    <system-out><![CDATA[2023-10-31 00:02:47 INFO  Log:14 - BaseTest-Creating the --ConfigProvider-- object for whole test execution flow
2023-10-31 00:02:47 INFO  Log:14 - BaseTest-Creating the --DriverManager-- object for whoel test execution flow
2023-10-31 00:02:47 INFO  Log:14 - BaseTest-Creating the --ConfigProvider-- object for whole test execution flow
2023-10-31 00:02:47 INFO  Log:14 - BaseTest-Creating the --DriverManager-- object for whoel test execution flow
2023-10-31 00:02:47 INFO  Log:14 - BaseTest-Creating the --ConfigProvider-- object for whole test execution flow
2023-10-31 00:02:47 INFO  Log:14 - BaseTest-Creating the --DriverManager-- object for whoel test execution flow
2023-10-31 00:02:47 INFO  Log:14 - BaseTest-Creating the --ConfigProvider-- object for whole test execution flow
2023-10-31 00:02:47 INFO  Log:14 - BaseTest-Creating the --DriverManager-- object for whoel test execution flow
2023-10-31 00:02:47 INFO  Log:14 - BaseTest-Creating the --ConfigProvider-- object for whole test execution flow
2023-10-31 00:02:47 INFO  Log:14 - BaseTest-Creating the --DriverManager-- object for whoel test execution flow
2023-10-31 00:02:47 INFO  Log:14 - BaseTest-Creating the --ConfigProvider-- object for whole test execution flow
2023-10-31 00:02:47 INFO  Log:14 - BaseTest-Creating the --DriverManager-- object for whoel test execution flow
2023-10-31 00:02:47 INFO  Log:14 - I am in onStart method Testing the Google search engine using JSON data file as source
2023-10-31 00:02:47 INFO  Log:14 - ConfigProvider - getAsString: parameter = CHROMEHEADLESS
2023-10-31 00:02:50 INFO  Log:14 - DriverManager-Setting up the Timeouts & window Maximize
2023-10-31 00:02:50 INFO  Log:14 - ConfigProvider - getAsString: parameter = 30
2023-10-31 00:02:50 INFO  Log:14 - ConfigProvider - getAsString: parameter = 30
2023-10-31 00:02:50 INFO  Log:14 - DriverManager-Inilizing the Browser configuration
2023-10-31 00:02:50 INFO  Log:14 - DriverManager-Inilizing the Master Driver thread
2023-10-31 00:02:50 INFO  Log:14 - Tests is starting!
2023-10-31 00:02:50 INFO  Log:14 - Starting the Test & Opening up the WebDriver
2023-10-31 00:02:50 INFO  Log:14 - ConfigProvider - getAsString: parameter = 30
2023-10-31 00:02:50 INFO  Log:14 - ConfigProvider - getAsString: parameter = 1
2023-10-31 00:02:50 INFO  Log:14 - ConfigProvider - getAsString: parameter = 30
2023-10-31 00:02:50 INFO  Log:14 - ConfigProvider - getAsString: parameter = 1
2023-10-31 00:02:50 INFO  Log:14 - ConfigProvider - getAsString: parameter = 30
2023-10-31 00:02:50 INFO  Log:14 - ConfigProvider - getAsString: parameter = 1
2023-10-31 00:02:50 INFO  Log:14 - ConfigProvider - getAsString: parameter = 30
2023-10-31 00:02:50 INFO  Log:14 - ConfigProvider - getAsString: parameter = 1
2023-10-31 00:02:50 INFO  Log:14 - ConfigProvider - getAsString: parameter = 15
2023-10-31 00:02:50 INFO  Log:14 - ConfigProvider - getAsString: parameter = 1
2023-10-31 00:02:50 INFO  Log:14 - ConfigProvider - getAsString: parameter = 30
2023-10-31 00:02:50 INFO  Log:14 - ConfigProvider - getAsString: parameter = 1
2023-10-31 00:02:50 INFO  Log:14 - ConfigProvider - getAsString: parameter = 30
2023-10-31 00:02:50 INFO  Log:14 - ConfigProvider - getAsString: parameter = 1
2023-10-31 00:02:50 INFO  Log:14 - ConfigProvider - getAsString: parameter = 30
2023-10-31 00:02:50 INFO  Log:14 - ConfigProvider - getAsString: parameter = 1
2023-10-31 00:02:50 INFO  Log:14 - com.clover.solution.ui.page.SearchPageCreating page constractor and its super
2023-10-31 00:02:50 INFO  Log:14 - Clearing the cookies
2023-10-31 00:02:50 INFO  Log:14 - TC001_check_the_search_engine_google_JSON test is starting.
2023-10-31 00:02:50 INFO  Log:14 - JSON file reader from path - /media/rocky/81e509c3-f680-4aca-ae97-4b9ba8161528/Workspace-SeleniumKarate/clover.solution.ui/src//main//java//com//clover//solution//ui//data//TC001_check_the_search_engine_google_JSON.json
[{"engine_url_variable":"googleUrl","password":"password","browser":"CHROME","search_assert_value":"CNBC: Stock Markets, Business News, Financials, Earnings","env":"test","search_string":"cnbc","username":"username"},{"engine_url_variable":"googleUrl","password":"password","browser":"CHROME","search_assert_value":"CNBC: Stock Markets, Business News, Financials, Earnings","env":"test","search_string":"cnbc","username":"username"}]
2023-10-31 00:02:50 INFO  Log:14 - Adding Key and Value from JSON file - engine_url_variable=googleUrl
2023-10-31 00:02:50 INFO  Log:14 - Adding Key and Value from JSON file - password=password
2023-10-31 00:02:50 INFO  Log:14 - Adding Key and Value from JSON file - browser=CHROME
2023-10-31 00:02:50 INFO  Log:14 - Adding Key and Value from JSON file - search_assert_value=CNBC: Stock Markets, Business News, Financials, Earnings
2023-10-31 00:02:50 INFO  Log:14 - Adding Key and Value from JSON file - env=test
2023-10-31 00:02:50 INFO  Log:14 - Adding Key and Value from JSON file - search_string=cnbc
2023-10-31 00:02:50 INFO  Log:14 - Adding Key and Value from JSON file - username=username
2023-10-31 00:02:50 INFO  Log:14 - Adding the hashmap value to LinkedList - {engine_url_variable=googleUrl, password=password, browser=CHROME, search_assert_value=CNBC: Stock Markets, Business News, Financials, Earnings, env=test, search_string=cnbc, username=username}
2023-10-31 00:02:50 INFO  Log:14 - Adding Key and Value from JSON file - engine_url_variable=googleUrl
2023-10-31 00:02:50 INFO  Log:14 - Adding Key and Value from JSON file - password=password
2023-10-31 00:02:50 INFO  Log:14 - Adding Key and Value from JSON file - browser=CHROME
2023-10-31 00:02:50 INFO  Log:14 - Adding Key and Value from JSON file - search_assert_value=CNBC: Stock Markets, Business News, Financials, Earnings
2023-10-31 00:02:50 INFO  Log:14 - Adding Key and Value from JSON file - env=test
2023-10-31 00:02:50 INFO  Log:14 - Adding Key and Value from JSON file - search_string=cnbc
2023-10-31 00:02:50 INFO  Log:14 - Adding Key and Value from JSON file - username=username
2023-10-31 00:02:50 INFO  Log:14 - Adding the hashmap value to LinkedList - {engine_url_variable=googleUrl, password=password, browser=CHROME, search_assert_value=CNBC: Stock Markets, Business News, Financials, Earnings, env=test, search_string=cnbc, username=username}
2023-10-31 00:02:51 INFO  Log:14 - ConfigProvider - getAsString: parameter = https://google.com
2023-10-31 00:02:54 INFO  Log:14 - AssertEquals: Actual - CNBC: Stock Markets, Business News, Financials, Earnings
2023-10-31 00:02:54 INFO  Log:14 - AssertEquals: Expected - CNBC: Stock Markets, Business News, Financials, Earnings
2023-10-31 00:02:54 INFO  Log:14 - TC001_check_the_search_engine_google_JSON test is succeed.
]]></system-out>
    <system-err><![CDATA[SLF4J: Failed to load class "org.slf4j.impl.StaticLoggerBinder".
SLF4J: Defaulting to no-operation (NOP) logger implementation
SLF4J: See http://www.slf4j.org/codes.html#StaticLoggerBinder for further details.
ERROR StatusLogger Log4j2 could not find a logging implementation. Please add log4j-core to the classpath. Using SimpleLogger to log to the console...
Starting ChromeDriver 114.0.5735.90 (386bc09e8f4f2e025eddae123f36f6263096ae49-refs/branch-heads/5735@{#1052}) on port 19608
Only local connections are allowed.
Please see https://chromedriver.chromium.org/security-considerations for suggestions on keeping ChromeDriver safe.
ChromeDriver was started successfully.
Oct 31, 2023 12:02:50 AM org.openqa.selenium.devtools.CdpVersionFinder findNearestMatch
WARNING: Unable to find CDP implementation matching 114
Oct 31, 2023 12:02:50 AM org.openqa.selenium.chromium.ChromiumDriver lambda$new$3
WARNING: Unable to find version of CDP to use for . You may need to include a dependency on a specific version of the CDP using something similar to `org.seleniumhq.selenium:selenium-devtools-v86:4.8.0` where the version ("v86") matches the version of the chromium-based browser you're using and the version number of the artifact is the same as Selenium's.
]]></system-err>
  </testcase>
  <testcase name="TC002_check_the_search_engine_Google_Normal1[public void com.clover.solution.ui.test.TC002_check_the_search_engine_Google_Normal.TC002_check_the_search_engine_Google_Normal1(java.lang.reflect.Method)](1)" classname="com.clover.solution.ui.test.TC002_check_the_search_engine_Google_Normal" time="2.709">
    <system-out><![CDATA[2023-10-31 00:02:54 INFO  Log:14 - Clearing the cookies
2023-10-31 00:02:54 INFO  Log:14 - WebDriver is cooling down
2023-10-31 00:02:54 INFO  Log:14 - I am in onFinish method Testing the Google search engine using JSON data file as source
2023-10-31 00:02:54 INFO  Log:14 - I am in onStart method Testing the Google search engine using direct data by calling detailed method in page class
2023-10-31 00:02:54 INFO  Log:14 - Tests is starting!
2023-10-31 00:02:54 INFO  Log:14 - Starting the Test & Opening up the WebDriver
2023-10-31 00:02:54 INFO  Log:14 - ConfigProvider - getAsString: parameter = 30
2023-10-31 00:02:54 INFO  Log:14 - ConfigProvider - getAsString: parameter = 1
2023-10-31 00:02:54 INFO  Log:14 - com.clover.solution.ui.page.SearchPageCreating page constractor and its super
2023-10-31 00:02:54 INFO  Log:14 - Clearing the cookies
2023-10-31 00:02:54 INFO  Log:14 - TC002_check_the_search_engine_Google_Normal1 test is starting.
2023-10-31 00:02:54 INFO  Log:14 - ConfigProvider - getAsString: parameter = https://google.com
2023-10-31 00:02:57 INFO  Log:14 - AssertEquals: Actual - CNBC: Stock Markets, Business News, Financials, Earnings
2023-10-31 00:02:57 INFO  Log:14 - AssertEquals: Expected - CNBC: Stock Markets, Business News, Financials, Earnings
2023-10-31 00:02:57 INFO  Log:14 - TC002_check_the_search_engine_Google_Normal1 test is succeed.
]]></system-out>
  </testcase>
  <testcase name="TC003_check_the_search_engine_Google_type2[public void com.clover.solution.ui.test.TC002_check_the_search_engine_Google_Normal.TC003_check_the_search_engine_Google_type2(java.lang.reflect.Method)](1)" classname="com.clover.solution.ui.test.TC002_check_the_search_engine_Google_Normal" time="3.183">
    <system-out><![CDATA[2023-10-31 00:02:57 INFO  Log:14 - Clearing the cookies
2023-10-31 00:02:57 INFO  Log:14 - WebDriver is cooling down
2023-10-31 00:02:57 INFO  Log:14 - Tests is starting!
2023-10-31 00:02:57 INFO  Log:14 - Starting the Test & Opening up the WebDriver
2023-10-31 00:02:57 INFO  Log:14 - ConfigProvider - getAsString: parameter = 30
2023-10-31 00:02:57 INFO  Log:14 - ConfigProvider - getAsString: parameter = 1
2023-10-31 00:02:57 INFO  Log:14 - com.clover.solution.ui.page.SearchPageCreating page constractor and its super
2023-10-31 00:02:57 INFO  Log:14 - Clearing the cookies
2023-10-31 00:02:57 INFO  Log:14 - TC003_check_the_search_engine_Google_type2 test is starting.
2023-10-31 00:02:57 INFO  Log:14 - ConfigProvider - getAsString: parameter = https://google.com
2023-10-31 00:03:00 INFO  Log:14 - AssertEquals: Actual - CNBC: Stock Markets, Business News, Financials, Earnings
2023-10-31 00:03:00 INFO  Log:14 - AssertEquals: Expected - CNBC: Stock Markets, Business News, Financials, Earnings
2023-10-31 00:03:00 INFO  Log:14 - TC003_check_the_search_engine_Google_type2 test is succeed.
]]></system-out>
  </testcase>
  <testcase name="TC003_check_the_search_engine_Google_type[public void com.clover.solution.ui.test.TC003_check_the_search_engine_Google_type2.TC003_check_the_search_engine_Google_type(java.lang.reflect.Method)](1)" classname="com.clover.solution.ui.test.TC003_check_the_search_engine_Google_type2" time="3.148">
    <system-out><![CDATA[2023-10-31 00:03:00 INFO  Log:14 - Clearing the cookies
2023-10-31 00:03:00 INFO  Log:14 - WebDriver is cooling down
2023-10-31 00:03:00 INFO  Log:14 - I am in onFinish method Testing the Google search engine using direct data by calling detailed method in page class
2023-10-31 00:03:00 INFO  Log:14 - I am in onStart method Testing the Google search engine using the declared method in page class from test
2023-10-31 00:03:00 INFO  Log:14 - Tests is starting!
2023-10-31 00:03:00 INFO  Log:14 - Starting the Test & Opening up the WebDriver
2023-10-31 00:03:00 INFO  Log:14 - ConfigProvider - getAsString: parameter = 30
2023-10-31 00:03:00 INFO  Log:14 - ConfigProvider - getAsString: parameter = 1
2023-10-31 00:03:00 INFO  Log:14 - com.clover.solution.ui.page.SearchPageCreating page constractor and its super
2023-10-31 00:03:00 INFO  Log:14 - Clearing the cookies
2023-10-31 00:03:00 INFO  Log:14 - TC003_check_the_search_engine_Google_type test is starting.
2023-10-31 00:03:00 INFO  Log:14 - ConfigProvider - getAsString: parameter = https://google.com
2023-10-31 00:03:03 INFO  Log:14 - AssertEquals: Actual - CNBC: Stock Markets, Business News, Financials, Earnings
2023-10-31 00:03:03 INFO  Log:14 - AssertEquals: Expected - CNBC: Stock Markets, Business News, Financials, Earnings
2023-10-31 00:03:03 INFO  Log:14 - TC003_check_the_search_engine_Google_type test is succeed.
]]></system-out>
  </testcase>
  <testcase name="TC004_check_the_Clover_Site_JSON[public void com.clover.solution.ui.test.TC004_check_the_Clover_Site.TC004_check_the_Clover_Site_JSON(java.lang.reflect.Method)](1)" classname="com.clover.solution.ui.test.TC004_check_the_Clover_Site" time="0.0">
    <skipped message="expected [Find the right solution to power your business] but found [ERROR]"/>
    <system-out><![CDATA[2023-10-31 00:03:03 INFO  Log:14 - Clearing the cookies
2023-10-31 00:03:03 INFO  Log:14 - WebDriver is cooling down
2023-10-31 00:03:03 INFO  Log:14 - I am in onFinish method Testing the Google search engine using the declared method in page class from test
2023-10-31 00:03:03 INFO  Log:14 - I am in onStart method Testing the clover site login, validate and navigating to pricing page and valdiate
2023-10-31 00:03:03 INFO  Log:14 - Tests is starting!
2023-10-31 00:03:03 INFO  Log:14 - Starting the Test & Opening up the WebDriver
2023-10-31 00:03:03 INFO  Log:14 - ConfigProvider - getAsString: parameter = 30
2023-10-31 00:03:03 INFO  Log:14 - ConfigProvider - getAsString: parameter = 1
2023-10-31 00:03:03 INFO  Log:14 - com.clover.solution.ui.page.CloverPageCreating page constractor and its super
2023-10-31 00:03:03 INFO  Log:14 - Clearing the cookies
2023-10-31 00:03:03 INFO  Log:14 - TC004_check_the_Clover_Site_JSON test is starting.
2023-10-31 00:03:03 INFO  Log:14 - JSON file reader from path - /media/rocky/81e509c3-f680-4aca-ae97-4b9ba8161528/Workspace-SeleniumKarate/clover.solution.ui/src//main//java//com//clover//solution//ui//data//TC004_check_the_Clover_Site_JSON.json
[{"engine_url_variable":"cloverUrl","password":"password","ExpectedPricingString":"Find the right solution to power your business","UrlContians":"www.clover.com","pageTitle":"Clover","browser":"CHROME","search_assert_value":"The all\u2011in\u2011one system to help your business thrive","env":"test","search_string":"cnbc","username":"username"}]
2023-10-31 00:03:03 INFO  Log:14 - Adding Key and Value from JSON file - engine_url_variable=cloverUrl
2023-10-31 00:03:03 INFO  Log:14 - Adding Key and Value from JSON file - password=password
2023-10-31 00:03:03 INFO  Log:14 - Adding Key and Value from JSON file - ExpectedPricingString=Find the right solution to power your business
2023-10-31 00:03:03 INFO  Log:14 - Adding Key and Value from JSON file - UrlContians=www.clover.com
2023-10-31 00:03:03 INFO  Log:14 - Adding Key and Value from JSON file - pageTitle=Clover
2023-10-31 00:03:03 INFO  Log:14 - Adding Key and Value from JSON file - browser=CHROME
2023-10-31 00:03:03 INFO  Log:14 - Adding Key and Value from JSON file - search_assert_value=The all‑in‑one system to help your business thrive
2023-10-31 00:03:03 INFO  Log:14 - Adding Key and Value from JSON file - env=test
2023-10-31 00:03:03 INFO  Log:14 - Adding Key and Value from JSON file - search_string=cnbc
2023-10-31 00:03:03 INFO  Log:14 - Adding Key and Value from JSON file - username=username
2023-10-31 00:03:03 INFO  Log:14 - Adding the hashmap value to LinkedList - {engine_url_variable=cloverUrl, password=password, ExpectedPricingString=Find the right solution to power your business, UrlContians=www.clover.com, pageTitle=Clover, browser=CHROME, search_assert_value=The all‑in‑one system to help your business thrive, env=test, search_string=cnbc, username=username}
2023-10-31 00:03:03 INFO  Log:14 - ConfigProvider - getAsString: parameter = https://clover.com
2023-10-31 00:03:10 INFO  Log:14 - AssertPageTitle: Actual - Credit Card Processing for Small Businesses | POS Solutions | Clover
2023-10-31 00:03:10 INFO  Log:14 - AssertPageTitle: Expected - Clover
2023-10-31 00:03:10 INFO  Log:14 - AssertPageURL: Actual - https://www.clover.com/
2023-10-31 00:03:10 INFO  Log:14 - AssertPageURL: Expected - www.clover.com
2023-10-31 00:03:10 INFO  Log:14 - AssertEquals: Actual - The all‑in‑one system to help your business thrive
2023-10-31 00:03:10 INFO  Log:14 - AssertEquals: Expected - The all‑in‑one system to help your business thrive
2023-10-31 00:03:10 INFO  Log:14 - ConfigProvider - getAsString: parameter = CHROMEHEADLESS
2023-10-31 00:03:41 ERROR Log:24 - Error in getElement with Expected Condition
2023-10-31 00:03:41 ERROR Log:24 - com.clover.solution.ui.page.CloverPage-Exception in clickTheElementnull
2023-10-31 00:03:41 INFO  Log:14 - AssertEquals: Actual - ERROR
2023-10-31 00:03:41 INFO  Log:14 - AssertEquals: Expected - Find the right solution to power your business
2023-10-31 00:03:41 INFO  Log:14 - TC004_check_the_Clover_Site_JSON test is skipped.
]]></system-out>
  </testcase>
  <testcase name="TC004_check_the_Clover_Site_JSON[public void com.clover.solution.ui.test.TC004_check_the_Clover_Site.TC004_check_the_Clover_Site_JSON(java.lang.reflect.Method)](2)" classname="com.clover.solution.ui.test.TC004_check_the_Clover_Site" time="8.198">
    <system-out><![CDATA[2023-10-31 00:03:41 INFO  Log:14 - Clearing the cookies
2023-10-31 00:03:41 INFO  Log:14 - WebDriver is cooling down
2023-10-31 00:03:41 INFO  Log:14 - Tests is starting!
2023-10-31 00:03:41 INFO  Log:14 - Starting the Test & Opening up the WebDriver
2023-10-31 00:03:41 INFO  Log:14 - ConfigProvider - getAsString: parameter = 30
2023-10-31 00:03:41 INFO  Log:14 - ConfigProvider - getAsString: parameter = 1
2023-10-31 00:03:41 INFO  Log:14 - com.clover.solution.ui.page.CloverPageCreating page constractor and its super
2023-10-31 00:03:41 INFO  Log:14 - Clearing the cookies
2023-10-31 00:03:41 INFO  Log:14 - TC004_check_the_Clover_Site_JSON test is starting.
2023-10-31 00:03:41 INFO  Log:14 - JSON file reader from path - /media/rocky/81e509c3-f680-4aca-ae97-4b9ba8161528/Workspace-SeleniumKarate/clover.solution.ui/src//main//java//com//clover//solution//ui//data//TC004_check_the_Clover_Site_JSON.json
[{"engine_url_variable":"cloverUrl","password":"password","ExpectedPricingString":"Find the right solution to power your business","UrlContians":"www.clover.com","pageTitle":"Clover","browser":"CHROME","search_assert_value":"The all\u2011in\u2011one system to help your business thrive","env":"test","search_string":"cnbc","username":"username"}]
2023-10-31 00:03:41 INFO  Log:14 - Adding Key and Value from JSON file - engine_url_variable=cloverUrl
2023-10-31 00:03:41 INFO  Log:14 - Adding Key and Value from JSON file - password=password
2023-10-31 00:03:41 INFO  Log:14 - Adding Key and Value from JSON file - ExpectedPricingString=Find the right solution to power your business
2023-10-31 00:03:41 INFO  Log:14 - Adding Key and Value from JSON file - UrlContians=www.clover.com
2023-10-31 00:03:41 INFO  Log:14 - Adding Key and Value from JSON file - pageTitle=Clover
2023-10-31 00:03:41 INFO  Log:14 - Adding Key and Value from JSON file - browser=CHROME
2023-10-31 00:03:41 INFO  Log:14 - Adding Key and Value from JSON file - search_assert_value=The all‑in‑one system to help your business thrive
2023-10-31 00:03:41 INFO  Log:14 - Adding Key and Value from JSON file - env=test
2023-10-31 00:03:41 INFO  Log:14 - Adding Key and Value from JSON file - search_string=cnbc
2023-10-31 00:03:41 INFO  Log:14 - Adding Key and Value from JSON file - username=username
2023-10-31 00:03:41 INFO  Log:14 - Adding the hashmap value to LinkedList - {engine_url_variable=cloverUrl, password=password, ExpectedPricingString=Find the right solution to power your business, UrlContians=www.clover.com, pageTitle=Clover, browser=CHROME, search_assert_value=The all‑in‑one system to help your business thrive, env=test, search_string=cnbc, username=username}
2023-10-31 00:03:41 INFO  Log:14 - ConfigProvider - getAsString: parameter = https://clover.com
2023-10-31 00:03:47 INFO  Log:14 - AssertPageTitle: Actual - Credit Card Processing for Small Businesses | POS Solutions | Clover
2023-10-31 00:03:47 INFO  Log:14 - AssertPageTitle: Expected - Clover
2023-10-31 00:03:47 INFO  Log:14 - AssertPageURL: Actual - https://www.clover.com/
2023-10-31 00:03:47 INFO  Log:14 - AssertPageURL: Expected - www.clover.com
2023-10-31 00:03:47 INFO  Log:14 - AssertEquals: Actual - The all‑in‑one system to help your business thrive
2023-10-31 00:03:47 INFO  Log:14 - AssertEquals: Expected - The all‑in‑one system to help your business thrive
2023-10-31 00:03:47 INFO  Log:14 - ConfigProvider - getAsString: parameter = CHROMEHEADLESS
2023-10-31 00:03:50 INFO  Log:14 - AssertEquals: Actual - Find the right solution to power your business
2023-10-31 00:03:50 INFO  Log:14 - AssertEquals: Expected - Find the right solution to power your business
2023-10-31 00:03:50 INFO  Log:14 - TC004_check_the_Clover_Site_JSON test is succeed.
]]></system-out>
  </testcase>
  <testcase name="TC004_check_the_search_engine_bing_excel[public void com.clover.solution.ui.test.TC004_check_the_search_engine_bing_exceldata.TC004_check_the_search_engine_bing_excel(java.lang.reflect.Method)](1)" classname="com.clover.solution.ui.test.TC004_check_the_search_engine_bing_exceldata" time="0.0">
    <skipped message="expected [Stock Markets, Business News, Financials, Earnings - CNBC] but found []"/>
    <system-out><![CDATA[2023-10-31 00:03:50 INFO  Log:14 - Clearing the cookies
2023-10-31 00:03:50 INFO  Log:14 - WebDriver is cooling down
2023-10-31 00:03:50 INFO  Log:14 - I am in onFinish method Testing the clover site login, validate and navigating to pricing page and valdiate
2023-10-31 00:03:50 INFO  Log:14 - I am in onStart method Testing the Bing search engine using Excel data file as source
2023-10-31 00:03:50 INFO  Log:14 - Tests is starting!
2023-10-31 00:03:50 INFO  Log:14 - Starting the Test & Opening up the WebDriver
2023-10-31 00:03:50 INFO  Log:14 - ConfigProvider - getAsString: parameter = 30
2023-10-31 00:03:50 INFO  Log:14 - ConfigProvider - getAsString: parameter = 1
2023-10-31 00:03:50 INFO  Log:14 - com.clover.solution.ui.page.SearchPageCreating page constractor and its super
2023-10-31 00:03:50 INFO  Log:14 - Clearing the cookies
2023-10-31 00:03:50 INFO  Log:14 - TC004_check_the_search_engine_bing_excel test is starting.
2023-10-31 00:03:51 INFO  Log:14 - Reading from Excelengine_url_variable=googleUrl
2023-10-31 00:03:51 INFO  Log:14 - Reading from Excelsearch_string=cnbc
2023-10-31 00:03:51 INFO  Log:14 - Reading from Excelsearch_assert_value=CNBC: Stock Markets, Business News, Financials, Earnings
2023-10-31 00:03:51 INFO  Log:14 - Reading from ExcelpageTitle=test
2023-10-31 00:03:51 INFO  Log:14 - Reading from ExcelUrlContians=UrlContians
2023-10-31 00:03:51 INFO  Log:14 - Adding to Excel LinkedHashMap{engine_url_variable=googleUrl, search_string=cnbc, search_assert_value=CNBC: Stock Markets, Business News, Financials, Earnings, pageTitle=test, UrlContians=UrlContians}
2023-10-31 00:03:51 INFO  Log:14 - Reading from Excelengine_url_variable=bingUrl
2023-10-31 00:03:51 INFO  Log:14 - Reading from Excelsearch_string=cnbc
2023-10-31 00:03:51 INFO  Log:14 - Reading from Excelsearch_assert_value=Stock Markets, Business News, Financials, Earnings - CNBC
2023-10-31 00:03:51 INFO  Log:14 - Reading from ExcelpageTitle=test
2023-10-31 00:03:51 INFO  Log:14 - Reading from ExcelUrlContians=UrlContians
2023-10-31 00:03:51 INFO  Log:14 - Adding to Excel LinkedHashMap{engine_url_variable=bingUrl, search_string=cnbc, search_assert_value=Stock Markets, Business News, Financials, Earnings - CNBC, pageTitle=test, UrlContians=UrlContians}
2023-10-31 00:03:51 INFO  Log:14 - ConfigProvider - getAsString: parameter = https://bing.com
2023-10-31 00:03:53 INFO  Log:14 - AssertEquals: Actual - 
2023-10-31 00:03:53 INFO  Log:14 - AssertEquals: Expected - Stock Markets, Business News, Financials, Earnings - CNBC
2023-10-31 00:03:53 INFO  Log:14 - TC004_check_the_search_engine_bing_excel test is skipped.
]]></system-out>
  </testcase>
  <testcase name="TC004_check_the_search_engine_bing_excel[public void com.clover.solution.ui.test.TC004_check_the_search_engine_bing_exceldata.TC004_check_the_search_engine_bing_excel(java.lang.reflect.Method)](2)" classname="com.clover.solution.ui.test.TC004_check_the_search_engine_bing_exceldata" time="2.214">
    <failure message="expected [Stock Markets, Business News, Financials, Earnings - CNBC] but found []" type="java.lang.AssertionError"><![CDATA[java.lang.AssertionError: expected [Stock Markets, Business News, Financials, Earnings - CNBC] but found []
	at org.testng.Assert.fail(Assert.java:110)
	at org.testng.Assert.failNotEquals(Assert.java:1577)
	at org.testng.Assert.assertEqualsImpl(Assert.java:149)
	at org.testng.Assert.assertEquals(Assert.java:131)
	at org.testng.Assert.assertEquals(Assert.java:655)
	at org.testng.Assert.assertEquals(Assert.java:665)
	at com.clover.solution.ui.page.BasePage.assertEqual(BasePage.java:321)
	at com.clover.solution.ui.page.SearchPage.searchAndAssert_bing(SearchPage.java:72)
	at com.clover.solution.ui.test.TC004_check_the_search_engine_bing_exceldata.TC004_check_the_search_engine_bing_excel(TC004_check_the_search_engine_bing_exceldata.java:58)
	at java.base/jdk.internal.reflect.NativeMethodAccessorImpl.invoke0(Native Method)
	at java.base/jdk.internal.reflect.NativeMethodAccessorImpl.invoke(NativeMethodAccessorImpl.java:62)
	at java.base/jdk.internal.reflect.DelegatingMethodAccessorImpl.invoke(DelegatingMethodAccessorImpl.java:43)
	at java.base/java.lang.reflect.Method.invoke(Method.java:566)
	at org.testng.internal.invokers.MethodInvocationHelper.invokeMethod(MethodInvocationHelper.java:139)
	at org.testng.internal.invokers.TestInvoker.invokeMethod(TestInvoker.java:677)
	at org.testng.internal.invokers.TestInvoker.retryFailed(TestInvoker.java:263)
	at org.testng.internal.invokers.MethodRunner.runInSequence(MethodRunner.java:62)
	at org.testng.internal.invokers.TestInvoker$MethodInvocationAgent.invoke(TestInvoker.java:969)
	at org.testng.internal.invokers.TestInvoker.invokeTestMethods(TestInvoker.java:194)
	at org.testng.internal.invokers.TestMethodWorker.invokeTestMethods(TestMethodWorker.java:148)
	at org.testng.internal.invokers.TestMethodWorker.run(TestMethodWorker.java:128)
	at java.base/java.util.ArrayList.forEach(ArrayList.java:1541)
	at org.testng.TestRunner.privateRun(TestRunner.java:829)
	at org.testng.TestRunner.run(TestRunner.java:602)
	at org.testng.SuiteRunner.runTest(SuiteRunner.java:437)
	at org.testng.SuiteRunner.runSequentially(SuiteRunner.java:431)
	at org.testng.SuiteRunner.privateRun(SuiteRunner.java:391)
	at org.testng.SuiteRunner.run(SuiteRunner.java:330)
	at org.testng.SuiteRunnerWorker.runSuite(SuiteRunnerWorker.java:52)
	at org.testng.SuiteRunnerWorker.run(SuiteRunnerWorker.java:95)
	at org.testng.TestNG.runSuitesSequentially(TestNG.java:1256)
	at org.testng.TestNG.runSuitesLocally(TestNG.java:1176)
	at org.testng.TestNG.runSuites(TestNG.java:1099)
	at org.testng.TestNG.run(TestNG.java:1067)
	at org.apache.maven.surefire.testng.TestNGExecutor.run(TestNGExecutor.java:308)
	at org.apache.maven.surefire.testng.TestNGXmlTestSuite.execute(TestNGXmlTestSuite.java:71)
	at org.apache.maven.surefire.testng.TestNGProvider.invoke(TestNGProvider.java:113)
	at org.apache.maven.surefire.booter.ForkedBooter.runSuitesInProcess(ForkedBooter.java:385)
	at org.apache.maven.surefire.booter.ForkedBooter.execute(ForkedBooter.java:162)
	at org.apache.maven.surefire.booter.ForkedBooter.run(ForkedBooter.java:507)
	at org.apache.maven.surefire.booter.ForkedBooter.main(ForkedBooter.java:495)
]]></failure>
    <system-out><![CDATA[2023-10-31 00:03:54 INFO  Log:14 - Clearing the cookies
2023-10-31 00:03:54 INFO  Log:14 - WebDriver is cooling down
2023-10-31 00:03:54 INFO  Log:14 - Tests is starting!
2023-10-31 00:03:54 INFO  Log:14 - Starting the Test & Opening up the WebDriver
2023-10-31 00:03:54 INFO  Log:14 - ConfigProvider - getAsString: parameter = 30
2023-10-31 00:03:54 INFO  Log:14 - ConfigProvider - getAsString: parameter = 1
2023-10-31 00:03:54 INFO  Log:14 - com.clover.solution.ui.page.SearchPageCreating page constractor and its super
2023-10-31 00:03:54 INFO  Log:14 - Clearing the cookies
2023-10-31 00:03:54 INFO  Log:14 - TC004_check_the_search_engine_bing_excel test is starting.
2023-10-31 00:03:54 INFO  Log:14 - Reading from Excelengine_url_variable=googleUrl
2023-10-31 00:03:54 INFO  Log:14 - Reading from Excelsearch_string=cnbc
2023-10-31 00:03:54 INFO  Log:14 - Reading from Excelsearch_assert_value=CNBC: Stock Markets, Business News, Financials, Earnings
2023-10-31 00:03:54 INFO  Log:14 - Reading from ExcelpageTitle=test
2023-10-31 00:03:54 INFO  Log:14 - Reading from ExcelUrlContians=UrlContians
2023-10-31 00:03:54 INFO  Log:14 - Adding to Excel LinkedHashMap{engine_url_variable=googleUrl, search_string=cnbc, search_assert_value=CNBC: Stock Markets, Business News, Financials, Earnings, pageTitle=test, UrlContians=UrlContians}
2023-10-31 00:03:54 INFO  Log:14 - Reading from Excelengine_url_variable=bingUrl
2023-10-31 00:03:54 INFO  Log:14 - Reading from Excelsearch_string=cnbc
2023-10-31 00:03:54 INFO  Log:14 - Reading from Excelsearch_assert_value=Stock Markets, Business News, Financials, Earnings - CNBC
2023-10-31 00:03:54 INFO  Log:14 - Reading from ExcelpageTitle=test
2023-10-31 00:03:54 INFO  Log:14 - Reading from ExcelUrlContians=UrlContians
2023-10-31 00:03:54 INFO  Log:14 - Adding to Excel LinkedHashMap{engine_url_variable=bingUrl, search_string=cnbc, search_assert_value=Stock Markets, Business News, Financials, Earnings - CNBC, pageTitle=test, UrlContians=UrlContians}
2023-10-31 00:03:54 INFO  Log:14 - ConfigProvider - getAsString: parameter = https://bing.com
2023-10-31 00:03:56 INFO  Log:14 - AssertEquals: Actual - 
2023-10-31 00:03:56 INFO  Log:14 - AssertEquals: Expected - Stock Markets, Business News, Financials, Earnings - CNBC
2023-10-31 00:03:56 INFO  Log:14 - TC004_check_the_search_engine_bing_excel test is failed.
]]></system-out>
  </testcase>
</testsuite>